2024-08-14 10:10:26.059  INFO 9772 --- [main] com.tjetc.AdminApplication               : Starting AdminApplication using Java 1.8.0_391 on lnfl369 with PID 9772 (D:\IJpro-cun\spring-pro-sys\pro-sys-admin\target\classes started by Administrator in D:\IJpro-cun\spring-pro-sys)
2024-08-14 10:10:26.061  INFO 9772 --- [main] com.tjetc.AdminApplication               : No active profile set, falling back to 1 default profile: "default"
2024-08-14 10:10:26.599  INFO 9772 --- [main] o.s.b.w.embedded.tomcat.TomcatWebServer  : Tomcat initialized with port(s): 8081 (http)
2024-08-14 10:10:26.600  INFO 9772 --- [main] o.a.catalina.core.AprLifecycleListener   : Loaded Apache Tomcat Native library [1.3.0] using APR version [1.7.4].
2024-08-14 10:10:26.602  INFO 9772 --- [main] o.a.catalina.core.AprLifecycleListener   : APR capabilities: IPv6 [true], sendfile [true], accept filters [false], random [true], UDS [true].
2024-08-14 10:10:26.602  INFO 9772 --- [main] o.a.catalina.core.AprLifecycleListener   : APR/OpenSSL configuration: useAprConnector [false], useOpenSSL [true]
2024-08-14 10:10:26.606  INFO 9772 --- [main] o.a.catalina.core.AprLifecycleListener   : OpenSSL successfully initialized [OpenSSL 3.0.13 30 Jan 2024]
2024-08-14 10:10:26.611  INFO 9772 --- [main] o.apache.catalina.core.StandardService   : Starting service [Tomcat]
2024-08-14 10:10:26.611  INFO 9772 --- [main] org.apache.catalina.core.StandardEngine  : Starting Servlet engine: [Apache Tomcat/9.0.83]
2024-08-14 10:10:26.698  INFO 9772 --- [main] o.a.c.c.C.[Tomcat].[localhost].[/]       : Initializing Spring embedded WebApplicationContext
2024-08-14 10:10:26.699  INFO 9772 --- [main] w.s.c.ServletWebServerApplicationContext : Root WebApplicationContext: initialization completed in 613 ms
2024-08-14 10:10:27.734  INFO 9772 --- [main] o.s.b.w.embedded.tomcat.TomcatWebServer  : Tomcat started on port(s): 8081 (http) with context path ''
2024-08-14 10:10:27.747  INFO 9772 --- [main] com.tjetc.AdminApplication               : Started AdminApplication in 1.946 seconds (JVM running for 2.434)
2024-08-14 10:11:56.617  INFO 5228 --- [main] com.tjetc.AdminApplication               : Starting AdminApplication using Java 1.8.0_391 on lnfl369 with PID 5228 (D:\IJpro-cun\spring-pro-sys\pro-sys-admin\target\classes started by Administrator in D:\IJpro-cun\spring-pro-sys)
2024-08-14 10:11:56.619 DEBUG 5228 --- [main] com.tjetc.AdminApplication               : Running with Spring Boot v2.7.18, Spring v5.3.31
2024-08-14 10:11:56.620  INFO 5228 --- [main] com.tjetc.AdminApplication               : No active profile set, falling back to 1 default profile: "default"
2024-08-14 10:11:57.191  INFO 5228 --- [main] o.s.b.w.embedded.tomcat.TomcatWebServer  : Tomcat initialized with port(s): 8081 (http)
2024-08-14 10:11:57.191  INFO 5228 --- [main] o.a.catalina.core.AprLifecycleListener   : Loaded Apache Tomcat Native library [1.3.0] using APR version [1.7.4].
2024-08-14 10:11:57.191  INFO 5228 --- [main] o.a.catalina.core.AprLifecycleListener   : APR capabilities: IPv6 [true], sendfile [true], accept filters [false], random [true], UDS [true].
2024-08-14 10:11:57.191  INFO 5228 --- [main] o.a.catalina.core.AprLifecycleListener   : APR/OpenSSL configuration: useAprConnector [false], useOpenSSL [true]
2024-08-14 10:11:57.194  INFO 5228 --- [main] o.a.catalina.core.AprLifecycleListener   : OpenSSL successfully initialized [OpenSSL 3.0.13 30 Jan 2024]
2024-08-14 10:11:57.200  INFO 5228 --- [main] o.apache.catalina.core.StandardService   : Starting service [Tomcat]
2024-08-14 10:11:57.200  INFO 5228 --- [main] org.apache.catalina.core.StandardEngine  : Starting Servlet engine: [Apache Tomcat/9.0.83]
2024-08-14 10:11:57.293  INFO 5228 --- [main] o.a.c.c.C.[Tomcat].[localhost].[/]       : Initializing Spring embedded WebApplicationContext
2024-08-14 10:11:57.294  INFO 5228 --- [main] w.s.c.ServletWebServerApplicationContext : Root WebApplicationContext: initialization completed in 648 ms
2024-08-14 10:11:58.413  INFO 5228 --- [main] o.s.b.w.embedded.tomcat.TomcatWebServer  : Tomcat started on port(s): 8081 (http) with context path ''
2024-08-14 10:11:58.419  INFO 5228 --- [main] com.tjetc.AdminApplication               : Started AdminApplication in 2.062 seconds (JVM running for 2.595)
2024-08-14 10:12:01.938  INFO 5228 --- [http-nio-8081-exec-5] o.a.c.c.C.[Tomcat].[localhost].[/]       : Initializing Spring DispatcherServlet 'dispatcherServlet'
2024-08-14 10:12:01.938  INFO 5228 --- [http-nio-8081-exec-5] o.s.web.servlet.DispatcherServlet        : Initializing Servlet 'dispatcherServlet'
2024-08-14 10:12:01.939  INFO 5228 --- [http-nio-8081-exec-5] o.s.web.servlet.DispatcherServlet        : Completed initialization in 1 ms
2024-08-14 10:12:02.324 ERROR 5228 --- [http-nio-8081-exec-5] com.tjetc.interceptor.LoginInterceptor   : 解析token异常，JWT expired 163011322 milliseconds ago at 2024-08-12T04:55:11.000Z. Current time: 2024-08-14T02:12:02.322Z. Allowed clock skew: 0 milliseconds.
2024-08-14 10:12:08.974  INFO 5228 --- [http-nio-8081-exec-3] com.zaxxer.hikari.HikariDataSource       : HikariPool-1 - Starting...
2024-08-14 10:12:09.068  INFO 5228 --- [http-nio-8081-exec-3] com.zaxxer.hikari.HikariDataSource       : HikariPool-1 - Start completed.
2024-08-14 10:12:44.892 ERROR 5228 --- [http-nio-8081-exec-4] com.tjetc.interceptor.LoginInterceptor   : 解析token异常，JWT expired 163053892 milliseconds ago at 2024-08-12T04:55:11.000Z. Current time: 2024-08-14T02:12:44.892Z. Allowed clock skew: 0 milliseconds.
2024-08-14 10:12:50.854 ERROR 5228 --- [http-nio-8081-exec-2] com.tjetc.interceptor.LoginInterceptor   : 解析token异常，JWT expired 163059854 milliseconds ago at 2024-08-12T04:55:11.000Z. Current time: 2024-08-14T02:12:50.854Z. Allowed clock skew: 0 milliseconds.
2024-08-14 10:13:16.306 ERROR 5228 --- [http-nio-8081-exec-7] com.tjetc.interceptor.LoginInterceptor   : 解析token异常，JWT expired 163085305 milliseconds ago at 2024-08-12T04:55:11.000Z. Current time: 2024-08-14T02:13:16.305Z. Allowed clock skew: 0 milliseconds.
2024-08-14 10:13:38.607 ERROR 5228 --- [http-nio-8081-exec-9] com.tjetc.interceptor.LoginInterceptor   : 解析token异常，JWT expired 163107607 milliseconds ago at 2024-08-12T04:55:11.000Z. Current time: 2024-08-14T02:13:38.607Z. Allowed clock skew: 0 milliseconds.
2024-08-14 10:14:13.163 ERROR 5228 --- [http-nio-8081-exec-10] com.tjetc.interceptor.LoginInterceptor   : 解析token异常，JWT expired 163142162 milliseconds ago at 2024-08-12T04:55:11.000Z. Current time: 2024-08-14T02:14:13.162Z. Allowed clock skew: 0 milliseconds.
2024-08-14 10:15:10.318  INFO 5228 --- [SpringApplicationShutdownHook] com.zaxxer.hikari.HikariDataSource       : HikariPool-1 - Shutdown initiated...
2024-08-14 10:15:10.340  INFO 5228 --- [SpringApplicationShutdownHook] com.zaxxer.hikari.HikariDataSource       : HikariPool-1 - Shutdown completed.
